2026-06-10 23:41:50 - CryptoFlash - ERROR - 爬虫 OkxBoostSpider 爬取失败: 'NoneType' object has no attribute 'find_all'
Traceback (most recent call last):
  File "/home/runner/work/CryptoFlash/CryptoFlash/core/service.py", line 126, in fetch_data
    result = future.result()
  File "/opt/hostedtoolcache/Python/3.8.18/x64/lib/python3.8/concurrent/futures/_base.py", line 444, in result
    return self.__get_result()
  File "/opt/hostedtoolcache/Python/3.8.18/x64/lib/python3.8/concurrent/futures/_base.py", line 389, in __get_result
    raise self._exception
  File "/opt/hostedtoolcache/Python/3.8.18/x64/lib/python3.8/concurrent/futures/thread.py", line 57, in run
    result = self.fn(*self.args, **self.kwargs)
  File "/home/runner/work/CryptoFlash/CryptoFlash/adapters/spiders/okx_boost.py", line 84, in fetch_data
    results.extend(self.bnb_chain())
  File "/home/runner/work/CryptoFlash/CryptoFlash/adapters/spiders/okx_boost.py", line 36, in bnb_chain
    rows=table.find_all('tr')
AttributeError: 'NoneType' object has no attribute 'find_all'
2026-06-10 23:42:10 - CryptoFlash - WARNING - 从实例 https://nitter.0xfiang.com 爬取失败: Failed to perform, curl: (28) Connection timed out after 20001 milliseconds. See https://curl.se/libcurl/c/libcurl-errors.html first for more details.
2026-06-10 23:42:10 - CryptoFlash - ERROR - 所有Twitter实例均爬取失败
2026-06-10 23:42:10 - CryptoFlash - INFO - 数据爬取完成，共获取 40 条数据
2026-06-10 23:42:10 - CryptoFlash - INFO - 开始处理 40 条数据...
2026-06-10 23:42:10 - CryptoFlash - INFO - 数据处理完成，处理后剩余 0 条新数据
2026-06-10 23:42:10 - CryptoFlash - INFO - 没有数据需要生成通知内容
2026-06-10 23:42:10 - CryptoFlash - INFO - 没有数据需要推送
2026-06-10 23:42:10 - CryptoFlash - INFO - CryptoFlash服务执行完成
2026-06-10 23:42:10 - CryptoFlash - INFO - CryptoFlash应用运行成功
2026-06-11 03:44:00 - CryptoFlash - INFO - 数据库初始化成功: data/article_hashes.db
2026-06-11 03:44:00 - CryptoFlash - INFO - 启动CryptoFlash应用...
2026-06-11 03:44:00 - CryptoFlash - INFO - 最大线程数：5
2026-06-11 03:44:00 - CryptoFlash - INFO - 初始化爬虫适配器...
2026-06-11 03:44:00 - CryptoFlash - INFO - 成功初始化 4 个爬虫适配器
2026-06-11 03:44:00 - CryptoFlash - INFO - 初始化通知适配器...
2026-06-11 03:44:00 - CryptoFlash - ERROR - 初始化通知适配器 email 失败: 邮件通知器未配置SMTP服务器
Traceback (most recent call last):
  File "/home/runner/work/CryptoFlash/CryptoFlash/core/service.py", line 105, in init_notifiers
    self.notifiers.append(notifier_cls(notifier_conf))
  File "/home/runner/work/CryptoFlash/CryptoFlash/adapters/notifiers/email_notifier.py", line 25, in __init__
    assert self.smtp_server, "邮件通知器未配置SMTP服务器"
AssertionError: 邮件通知器未配置SMTP服务器
2026-06-11 03:44:00 - CryptoFlash - INFO - 成功初始化 3 个通知适配器
2026-06-11 03:44:00 - CryptoFlash - INFO - 开始执行CryptoFlash服务...
2026-06-11 03:44:00 - CryptoFlash - INFO - 开始爬取数据...
2026-06-11 03:44:00 - CryptoFlash - INFO - 开始爬取币安公告: https://www.binance.com/zh-CN/support/announcement
2026-06-11 03:44:01 - CryptoFlash - INFO - 成功爬取 40 条币安公告
2026-06-11 03:44:01 - CryptoFlash - INFO - 开始爬取ForesightNews: https://foresightnews.pro/news
2026-06-11 03:44:01 - CryptoFlash - ERROR - 爬取ForesightNews失败: HTTP Error 403: 
2026-06-11 03:44:01 - CryptoFlash - ERROR - 爬虫 OkxBoostSpider 爬取失败: 'NoneType' object has no attribute 'find_all'
Traceback (most recent call last):
  File "/home/runner/work/CryptoFlash/CryptoFlash/core/service.py", line 126, in fetch_data
    result = future.result()
  File "/opt/hostedtoolcache/Python/3.8.18/x64/lib/python3.8/concurrent/futures/_base.py", line 444, in result
    return self.__get_result()
  File "/opt/hostedtoolcache/Python/3.8.18/x64/lib/python3.8/concurrent/futures/_base.py", line 389, in __get_result
    raise self._exception
  File "/opt/hostedtoolcache/Python/3.8.18/x64/lib/python3.8/concurrent/futures/thread.py", line 57, in run
    result = self.fn(*self.args, **self.kwargs)
  File "/home/runner/work/CryptoFlash/CryptoFlash/adapters/spiders/okx_boost.py", line 84, in fetch_data
    results.extend(self.bnb_chain())
  File "/home/runner/work/CryptoFlash/CryptoFlash/adapters/spiders/okx_boost.py", line 36, in bnb_chain
    rows=table.find_all('tr')
AttributeError: 'NoneType' object has no attribute 'find_all'
2026-06-11 03:44:21 - CryptoFlash - WARNING - 从实例 https://nitter.0xfiang.com 爬取失败: Failed to perform, curl: (28) Connection timed out after 20002 milliseconds. See https://curl.se/libcurl/c/libcurl-errors.html first for more details.
2026-06-11 03:44:21 - CryptoFlash - ERROR - 所有Twitter实例均爬取失败
2026-06-11 03:44:21 - CryptoFlash - INFO - 数据爬取完成，共获取 40 条数据
2026-06-11 03:44:21 - CryptoFlash - INFO - 开始处理 40 条数据...
2026-06-11 03:44:21 - CryptoFlash - INFO - 批量插入成功: 1 条记录
2026-06-11 03:44:21 - CryptoFlash - INFO - 成功将 1 个新标题的md5值保存到数据库
2026-06-11 03:44:21 - CryptoFlash - INFO - 数据处理完成，处理后剩余 1 条新数据
2026-06-11 03:44:21 - CryptoFlash - INFO - 成功生成通知内容: # CryptoFlash 最新资讯

### binance活动公告

1. [币安钱包代币化证券：SPCXx IPO Campaign](https://www.binance.com/zh-CN...
2026-06-11 03:44:21 - CryptoFlash - INFO - 开始推送 1 条数据...
2026-06-11 03:44:21 - CryptoFlash - INFO - 开始推送 1 条数据到钉钉（批量）
2026-06-11 03:44:22 - CryptoFlash - INFO - 所有数据推送钉钉成功
2026-06-11 03:44:22 - CryptoFlash - INFO - 通知器 BarkNotifier 没有匹配的数据需要推送
2026-06-11 03:44:22 - CryptoFlash - INFO - 通知器 BarkNotifier 没有匹配的数据需要推送
2026-06-11 03:44:22 - CryptoFlash - INFO - CryptoFlash服务执行完成
2026-06-11 03:44:22 - CryptoFlash - INFO - CryptoFlash应用运行成功
